{
  "RSpec": {
    "coverage": {
      "C:/Users/menni/Desktop/SentryDSTest/RomanNumerals/roman.rb": [
        null,
        null,
        null,
        null,
        null,
        null,
        null,
        null,
        null,
        null,
        null,
        null,
        null,
        null,
        null,
        null,
        null,
        null,
        null,
        null,
        null,
        null,
        null,
        null,
        null,
        null,
        null,
        null,
        null,
        null,
        null,
        1,
        null,
        1,
        null,
        null,
        null,
        null,
        null,
        null,
        null,
        null,
        null,
        null,
        1,
        13,
        null,
        13,
        null,
        null,
        null,
        null,
        null,
        null,
        null,
        null,
        null,
        null,
        null,
        null,
        null,
        1,
        null,
        null,
        3,
        null,
        null,
        null,
        null,
        3,
        3,
        3,
        null,
        null,
        3,
        null,
        3,
        null,
        3,
        3,
        3,
        null,
        null,
        null,
        null,
        null,
        null,
        null,
        null,
        null,
        null,
        null,
        1,
        5,
        null,
        null,
        null,
        null,
        null,
        null,
        null,
        5,
        67,
        67,
        null,
        5,
        null,
        null,
        null,
        null,
        null,
        null,
        null,
        null,
        null,
        null,
        null,
        null,
        null,
        null,
        1,
        null,
        null,
        null,
        18,
        7,
        5,
        null,
        null,
        18,
        null,
        null,
        null,
        null,
        null,
        null,
        null,
        null,
        null,
        null,
        null,
        1,
        14,
        null,
        null,
        null,
        null,
        null,
        null,
        null,
        null,
        null,
        null,
        null,
        null,
        null,
        null,
        14,
        null,
        null
      ]
    },
    "timestamp": 1463185884
  }
}
